<?xml version="1.0" encoding="UTF-8"?>
<testsuite xmlns:xsi="http://www.w3.org/2001/XMLSchema-instance" xsi:noNamespaceSchemaLocation="https://maven.apache.org/surefire/maven-failsafe-plugin/xsd/failsafe-test-report.xsd" name="it.io.openliberty.guides.system.SystemEndpointIT" time="1.543" tests="2" errors="0" skipped="0" failures="0">
  <properties>
[...]
</properties>
  <testcase name="testPodNameNotNull" classname="it.io.openliberty.guides.system.SystemEndpointIT" time="1.041"/>
  <testcase name="testGetProperties" classname="it.io.openliberty.guides.system.SystemEndpointIT" time="0.464"/>
</testsuite>